2024-12-17 14:00:01,103 - __main__ - INFO - Application initialized successfully
2024-12-17 14:00:01,182 - werkzeug - INFO - [31m[1mWARNING: This is a development server. Do not use it in a production deployment. Use a production WSGI server instead.[0m
 * Running on http://127.0.0.1:5000
2024-12-17 14:00:01,183 - werkzeug - INFO - [33mPress CTRL+C to quit[0m
2024-12-17 14:00:01,186 - werkzeug - INFO -  * Restarting with stat
2024-12-17 14:00:01,710 - __main__ - INFO - Application initialized successfully
2024-12-17 14:00:01,743 - werkzeug - WARNING -  * Debugger is active!
2024-12-17 14:00:01,751 - werkzeug - INFO -  * Debugger PIN: 131-379-055
2024-12-17 14:00:11,230 - werkzeug - INFO - 127.0.0.1 - - [17/Dec/2024 14:00:11] "GET / HTTP/1.1" 200 -
2024-12-17 14:00:11,326 - werkzeug - INFO - 127.0.0.1 - - [17/Dec/2024 14:00:11] "GET /static/styles.css HTTP/1.1" 200 -
2024-12-17 14:00:11,363 - werkzeug - INFO - 127.0.0.1 - - [17/Dec/2024 14:00:11] "GET /static/scripts.js HTTP/1.1" 200 -
2024-12-17 14:01:01,421 - __main__ - INFO - File saved successfully: uploads\20241217_140101_man_reduced.png
2024-12-17 14:01:01,421 - steganography.huffman - INFO - Huffman tree built successfully
2024-12-17 14:01:01,422 - steganography.huffman - INFO - Message encoded successfully, length: 289 bits
2024-12-17 14:01:01,423 - steganography.spread_spectrum - INFO - Message spread successfully, length: 289 bits
2024-12-17 14:01:01,732 - __main__ - INFO - Message encoded successfully
2024-12-17 14:01:01,746 - __main__ - INFO - Old files cleaned successfully
2024-12-17 14:01:01,748 - werkzeug - INFO - 127.0.0.1 - - [17/Dec/2024 14:01:01] "POST /encode HTTP/1.1" 200 -
2024-12-17 14:01:38,118 - __main__ - INFO - File saved successfully: uploads\20241217_140138_encoded_image_9.png
2024-12-17 14:01:38,119 - __main__ - ERROR - Decoding error: decode_message() takes 1 positional argument but 3 were given
2024-12-17 14:01:38,121 - __main__ - INFO - Old files cleaned successfully
2024-12-17 14:01:38,122 - werkzeug - INFO - 127.0.0.1 - - [17/Dec/2024 14:01:38] "[35m[1mPOST /decode HTTP/1.1[0m" 500 -
2024-12-17 14:01:48,247 - __main__ - INFO - File saved successfully: uploads\20241217_140148_encoded_image_9.png
2024-12-17 14:01:48,248 - __main__ - ERROR - Decoding error: decode_message() takes 1 positional argument but 3 were given
2024-12-17 14:01:48,250 - __main__ - INFO - Old files cleaned successfully
2024-12-17 14:01:48,251 - werkzeug - INFO - 127.0.0.1 - - [17/Dec/2024 14:01:48] "[35m[1mPOST /decode HTTP/1.1[0m" 500 -
2024-12-17 14:01:56,179 - __main__ - INFO - File saved successfully: uploads\20241217_140156_encoded_image_9.png
2024-12-17 14:01:56,179 - __main__ - ERROR - Decoding error: decode_message() takes 1 positional argument but 3 were given
2024-12-17 14:01:56,181 - __main__ - INFO - Old files cleaned successfully
2024-12-17 14:01:56,182 - werkzeug - INFO - 127.0.0.1 - - [17/Dec/2024 14:01:56] "[35m[1mPOST /decode HTTP/1.1[0m" 500 -
2024-12-17 14:02:03,723 - werkzeug - INFO - 127.0.0.1 - - [17/Dec/2024 14:02:03] "GET / HTTP/1.1" 200 -
2024-12-17 14:02:03,750 - werkzeug - INFO - 127.0.0.1 - - [17/Dec/2024 14:02:03] "[36mGET /static/styles.css HTTP/1.1[0m" 304 -
2024-12-17 14:02:03,752 - werkzeug - INFO - 127.0.0.1 - - [17/Dec/2024 14:02:03] "[36mGET /static/scripts.js HTTP/1.1[0m" 304 -
2024-12-17 14:02:17,175 - __main__ - INFO - File saved successfully: uploads\20241217_140217_encoded_image_9.png
2024-12-17 14:02:17,176 - __main__ - ERROR - Decoding error: decode_message() takes 1 positional argument but 3 were given
2024-12-17 14:02:17,178 - __main__ - INFO - Old files cleaned successfully
2024-12-17 14:02:17,179 - werkzeug - INFO - 127.0.0.1 - - [17/Dec/2024 14:02:17] "[35m[1mPOST /decode HTTP/1.1[0m" 500 -
2024-12-17 14:02:20,955 - __main__ - INFO - File saved successfully: uploads\20241217_140220_encoded_image_9.png
2024-12-17 14:02:20,955 - __main__ - ERROR - Decoding error: decode_message() takes 1 positional argument but 3 were given
2024-12-17 14:02:20,957 - __main__ - INFO - Old files cleaned successfully
2024-12-17 14:02:20,958 - werkzeug - INFO - 127.0.0.1 - - [17/Dec/2024 14:02:20] "[35m[1mPOST /decode HTTP/1.1[0m" 500 -
2024-12-17 14:02:32,675 - werkzeug - INFO - 127.0.0.1 - - [17/Dec/2024 14:02:32] "GET / HTTP/1.1" 200 -
2024-12-17 14:02:32,698 - werkzeug - INFO - 127.0.0.1 - - [17/Dec/2024 14:02:32] "[36mGET /static/styles.css HTTP/1.1[0m" 304 -
2024-12-17 14:02:32,702 - werkzeug - INFO - 127.0.0.1 - - [17/Dec/2024 14:02:32] "[36mGET /static/scripts.js HTTP/1.1[0m" 304 -
2024-12-17 14:03:55,694 - werkzeug - INFO -  * Detected change in 'C:\\Users\\somya\\Desktop\\steg2\\steganography\\utils.py', reloading
2024-12-17 14:03:55,759 - werkzeug - INFO -  * Restarting with stat
2024-12-17 14:03:56,427 - __main__ - INFO - Application initialized successfully
2024-12-17 14:03:56,462 - werkzeug - WARNING -  * Debugger is active!
2024-12-17 14:03:56,471 - werkzeug - INFO -  * Debugger PIN: 131-379-055
2024-12-17 14:04:09,546 - werkzeug - INFO -  * Detected change in 'C:\\Users\\somya\\Desktop\\steg2\\steganography\\lsb.py', reloading
2024-12-17 14:04:09,615 - werkzeug - INFO -  * Restarting with stat
2024-12-17 14:04:10,188 - __main__ - INFO - Application initialized successfully
2024-12-17 14:04:10,221 - werkzeug - WARNING -  * Debugger is active!
2024-12-17 14:04:10,227 - werkzeug - INFO -  * Debugger PIN: 131-379-055
2024-12-17 14:04:27,349 - werkzeug - INFO -  * Detected change in 'C:\\Users\\somya\\Desktop\\steg2\\steganography\\utils.py', reloading
2024-12-17 14:04:27,414 - werkzeug - INFO -  * Restarting with stat
2024-12-17 14:04:27,926 - __main__ - INFO - Application initialized successfully
2024-12-17 14:04:27,962 - werkzeug - WARNING -  * Debugger is active!
2024-12-17 14:04:27,968 - werkzeug - INFO -  * Debugger PIN: 131-379-055
2024-12-17 14:05:10,163 - werkzeug - INFO -  * Detected change in 'C:\\Users\\somya\\Desktop\\steg2\\app.py', reloading
2024-12-17 14:05:10,227 - werkzeug - INFO -  * Restarting with stat
2024-12-17 14:05:10,775 - __main__ - INFO - Application initialized successfully
2024-12-17 14:05:10,800 - werkzeug - WARNING -  * Debugger is active!
2024-12-17 14:05:10,808 - werkzeug - INFO -  * Debugger PIN: 131-379-055
2024-12-17 14:06:55,267 - werkzeug - INFO -  * Detected change in 'C:\\Users\\somya\\Desktop\\steg2\\steganography\\spread_spectrum.py', reloading
2024-12-17 14:06:55,351 - werkzeug - INFO -  * Restarting with stat
2024-12-17 14:06:56,010 - __main__ - INFO - Application initialized successfully
2024-12-17 14:06:56,051 - werkzeug - WARNING -  * Debugger is active!
2024-12-17 14:06:56,058 - werkzeug - INFO -  * Debugger PIN: 131-379-055
2024-12-17 14:07:25,820 - __main__ - INFO - Application initialized successfully
2024-12-17 14:07:25,871 - werkzeug - INFO - [31m[1mWARNING: This is a development server. Do not use it in a production deployment. Use a production WSGI server instead.[0m
 * Running on http://127.0.0.1:5000
2024-12-17 14:07:25,872 - werkzeug - INFO - [33mPress CTRL+C to quit[0m
2024-12-17 14:07:25,874 - werkzeug - INFO -  * Restarting with stat
2024-12-17 14:07:26,421 - __main__ - INFO - Application initialized successfully
2024-12-17 14:07:26,448 - werkzeug - WARNING -  * Debugger is active!
2024-12-17 14:07:26,453 - werkzeug - INFO -  * Debugger PIN: 131-379-055
2024-12-17 14:07:34,865 - werkzeug - INFO - 127.0.0.1 - - [17/Dec/2024 14:07:34] "GET / HTTP/1.1" 200 -
2024-12-17 14:07:34,961 - werkzeug - INFO - 127.0.0.1 - - [17/Dec/2024 14:07:34] "[36mGET /static/styles.css HTTP/1.1[0m" 304 -
2024-12-17 14:07:35,001 - werkzeug - INFO - 127.0.0.1 - - [17/Dec/2024 14:07:35] "GET /static/scripts.js HTTP/1.1" 200 -
2024-12-17 14:07:42,270 - __main__ - INFO - File saved successfully: uploads\20241217_140742_encoded_image_9.png
2024-12-17 14:07:43,308 - steganography.lsb - ERROR - Error in LSB decoding: index 2048000 is out of bounds for axis 0 with size 2048000
2024-12-17 14:07:43,309 - steganography.utils - ERROR - Error in message decoding: index 2048000 is out of bounds for axis 0 with size 2048000
2024-12-17 14:07:43,309 - __main__ - ERROR - Decoding error: index 2048000 is out of bounds for axis 0 with size 2048000
2024-12-17 14:07:43,311 - __main__ - INFO - Old files cleaned successfully
2024-12-17 14:07:43,312 - werkzeug - INFO - 127.0.0.1 - - [17/Dec/2024 14:07:43] "[35m[1mPOST /decode HTTP/1.1[0m" 500 -
2024-12-17 14:07:47,518 - __main__ - INFO - File saved successfully: uploads\20241217_140747_encoded_image_9.png
2024-12-17 14:07:48,496 - steganography.lsb - ERROR - Error in LSB decoding: index 2048000 is out of bounds for axis 0 with size 2048000
2024-12-17 14:07:48,496 - steganography.utils - ERROR - Error in message decoding: index 2048000 is out of bounds for axis 0 with size 2048000
2024-12-17 14:07:48,497 - __main__ - ERROR - Decoding error: index 2048000 is out of bounds for axis 0 with size 2048000
2024-12-17 14:07:48,499 - __main__ - INFO - Old files cleaned successfully
2024-12-17 14:07:48,500 - werkzeug - INFO - 127.0.0.1 - - [17/Dec/2024 14:07:48] "[35m[1mPOST /decode HTTP/1.1[0m" 500 -
2024-12-17 14:07:54,949 - werkzeug - INFO - 127.0.0.1 - - [17/Dec/2024 14:07:54] "GET / HTTP/1.1" 200 -
2024-12-17 14:07:54,973 - werkzeug - INFO - 127.0.0.1 - - [17/Dec/2024 14:07:54] "[36mGET /static/styles.css HTTP/1.1[0m" 304 -
2024-12-17 14:07:54,981 - werkzeug - INFO - 127.0.0.1 - - [17/Dec/2024 14:07:54] "[36mGET /static/scripts.js HTTP/1.1[0m" 304 -
2024-12-17 14:08:53,776 - __main__ - INFO - File saved successfully: uploads\20241217_140853_leaves_reduced.png
2024-12-17 14:08:53,776 - steganography.huffman - INFO - Huffman tree built successfully
2024-12-17 14:08:53,777 - steganography.huffman - INFO - Message encoded successfully, length: 331 bits
2024-12-17 14:08:53,777 - steganography.utils - INFO - Huffman encoding completed
2024-12-17 14:08:53,778 - steganography.spread_spectrum - INFO - Message spread successfully, length: 331 bits
2024-12-17 14:08:53,778 - steganography.utils - INFO - Spread spectrum encoding completed
2024-12-17 14:08:54,151 - steganography.lsb - INFO - Message encoded successfully in image: encoded_image.png
2024-12-17 14:08:54,152 - steganography.utils - INFO - LSB encoding completed
2024-12-17 14:08:54,153 - __main__ - INFO - Message encoded successfully
2024-12-17 14:08:54,164 - __main__ - INFO - Old files cleaned successfully
2024-12-17 14:08:54,166 - werkzeug - INFO - 127.0.0.1 - - [17/Dec/2024 14:08:54] "POST /encode HTTP/1.1" 200 -
2024-12-17 14:09:09,014 - __main__ - INFO - File saved successfully: uploads\20241217_140909_encoded_image_10.png
2024-12-17 14:09:09,053 - steganography.lsb - INFO - Message extracted successfully from image
2024-12-17 14:09:09,054 - steganography.utils - INFO - LSB decoding completed
2024-12-17 14:09:09,055 - steganography.spread_spectrum - INFO - Message de-spread successfully
2024-12-17 14:09:09,055 - steganography.utils - INFO - Spread spectrum decoding completed
2024-12-17 14:09:09,056 - steganography.huffman - INFO - Message decoded successfully
2024-12-17 14:09:09,056 - steganography.utils - INFO - Huffman decoding completed
2024-12-17 14:09:09,056 - __main__ - INFO - Message decoded successfully
2024-12-17 14:09:09,058 - __main__ - INFO - Old files cleaned successfully
2024-12-17 14:09:09,059 - werkzeug - INFO - 127.0.0.1 - - [17/Dec/2024 14:09:09] "POST /decode HTTP/1.1" 200 -
2024-12-17 14:09:16,257 - werkzeug - INFO - 127.0.0.1 - - [17/Dec/2024 14:09:16] "GET / HTTP/1.1" 200 -
2024-12-17 14:09:16,284 - werkzeug - INFO - 127.0.0.1 - - [17/Dec/2024 14:09:16] "[36mGET /static/styles.css HTTP/1.1[0m" 304 -
2024-12-17 14:09:16,293 - werkzeug - INFO - 127.0.0.1 - - [17/Dec/2024 14:09:16] "[36mGET /static/scripts.js HTTP/1.1[0m" 304 -
2024-12-17 14:09:34,923 - werkzeug - INFO -  * Detected change in 'C:\\Users\\somya\\Desktop\\steg2\\steganography\\huffman.py', reloading
2024-12-17 14:09:34,992 - werkzeug - INFO -  * Restarting with stat
2024-12-17 14:09:35,625 - __main__ - INFO - Application initialized successfully
2024-12-17 14:09:35,662 - werkzeug - WARNING -  * Debugger is active!
2024-12-17 14:09:35,669 - werkzeug - INFO -  * Debugger PIN: 131-379-055
2024-12-17 14:09:37,711 - werkzeug - INFO -  * Detected change in 'C:\\Users\\somya\\Desktop\\steg2\\steganography\\spread_spectrum.py', reloading
2024-12-17 14:09:37,777 - werkzeug - INFO -  * Restarting with stat
2024-12-17 14:09:38,388 - __main__ - INFO - Application initialized successfully
2024-12-17 14:09:38,428 - werkzeug - WARNING -  * Debugger is active!
2024-12-17 14:09:38,435 - werkzeug - INFO -  * Debugger PIN: 131-379-055
2024-12-17 14:09:40,472 - werkzeug - INFO -  * Detected change in 'C:\\Users\\somya\\Desktop\\steg2\\steganography\\lsb.py', reloading
2024-12-17 14:09:40,540 - werkzeug - INFO -  * Restarting with stat
2024-12-17 14:09:41,095 - __main__ - INFO - Application initialized successfully
2024-12-17 14:09:41,126 - werkzeug - WARNING -  * Debugger is active!
2024-12-17 14:09:41,132 - werkzeug - INFO -  * Debugger PIN: 131-379-055
2024-12-17 14:09:44,169 - werkzeug - INFO -  * Detected change in 'C:\\Users\\somya\\Desktop\\steg2\\steganography\\utils.py', reloading
2024-12-17 14:09:44,234 - werkzeug - INFO -  * Restarting with stat
2024-12-17 14:09:44,866 - __main__ - INFO - Application initialized successfully
2024-12-17 14:09:44,901 - werkzeug - WARNING -  * Debugger is active!
2024-12-17 14:09:44,908 - werkzeug - INFO -  * Debugger PIN: 131-379-055
2024-12-17 14:09:50,962 - werkzeug - INFO -  * Detected change in 'C:\\Users\\somya\\Desktop\\steg2\\app.py', reloading
2024-12-17 14:09:51,042 - werkzeug - INFO -  * Restarting with stat
2024-12-17 14:09:51,808 - __main__ - INFO - Application initialized successfully
2024-12-17 14:09:51,851 - werkzeug - WARNING -  * Debugger is active!
2024-12-17 14:09:51,860 - werkzeug - INFO -  * Debugger PIN: 131-379-055
2024-12-17 14:13:06,656 - werkzeug - INFO -  * Detected change in 'C:\\Users\\somya\\Desktop\\steg2\\steganography\\huffman.py', reloading
2024-12-17 14:13:06,731 - werkzeug - INFO -  * Restarting with stat
2024-12-17 14:13:07,610 - __main__ - INFO - Application initialized successfully
2024-12-17 14:13:07,654 - werkzeug - WARNING -  * Debugger is active!
2024-12-17 14:13:07,664 - werkzeug - INFO -  * Debugger PIN: 131-379-055
2024-12-17 14:13:08,703 - werkzeug - INFO -  * Detected change in 'C:\\Users\\somya\\Desktop\\steg2\\steganography\\spread_spectrum.py', reloading
2024-12-17 14:13:08,771 - werkzeug - INFO -  * Restarting with stat
2024-12-17 14:13:09,526 - __main__ - INFO - Application initialized successfully
2024-12-17 14:13:09,556 - werkzeug - WARNING -  * Debugger is active!
2024-12-17 14:13:09,563 - werkzeug - INFO -  * Debugger PIN: 131-379-055
2024-12-17 14:13:10,592 - werkzeug - INFO -  * Detected change in 'C:\\Users\\somya\\Desktop\\steg2\\steganography\\lsb.py', reloading
2024-12-17 14:13:10,674 - werkzeug - INFO -  * Restarting with stat
2024-12-17 14:13:11,361 - __main__ - INFO - Application initialized successfully
2024-12-17 14:13:11,396 - werkzeug - WARNING -  * Debugger is active!
2024-12-17 14:13:11,403 - werkzeug - INFO -  * Debugger PIN: 131-379-055
2024-12-17 14:13:12,432 - werkzeug - INFO -  * Detected change in 'C:\\Users\\somya\\Desktop\\steg2\\steganography\\utils.py', reloading
2024-12-17 14:13:12,516 - werkzeug - INFO -  * Restarting with stat
2024-12-17 14:13:13,213 - __main__ - INFO - Application initialized successfully
2024-12-17 14:13:13,241 - werkzeug - WARNING -  * Debugger is active!
2024-12-17 14:13:13,247 - werkzeug - INFO -  * Debugger PIN: 131-379-055
2024-12-17 14:13:16,294 - werkzeug - INFO -  * Detected change in 'C:\\Users\\somya\\Desktop\\steg2\\app.py', reloading
2024-12-17 14:13:16,478 - werkzeug - INFO -  * Restarting with stat
2024-12-17 14:13:17,085 - __main__ - INFO - Application initialized successfully
2024-12-17 14:13:17,112 - werkzeug - WARNING -  * Debugger is active!
2024-12-17 14:13:17,120 - werkzeug - INFO -  * Debugger PIN: 131-379-055
2024-12-17 14:13:31,725 - __main__ - INFO - Application initialized successfully
2024-12-17 14:13:31,775 - werkzeug - INFO - [31m[1mWARNING: This is a development server. Do not use it in a production deployment. Use a production WSGI server instead.[0m
 * Running on http://127.0.0.1:5000
2024-12-17 14:13:31,775 - werkzeug - INFO - [33mPress CTRL+C to quit[0m
2024-12-17 14:13:31,778 - werkzeug - INFO -  * Restarting with stat
2024-12-17 14:13:32,368 - __main__ - INFO - Application initialized successfully
2024-12-17 14:13:32,404 - werkzeug - WARNING -  * Debugger is active!
2024-12-17 14:13:32,412 - werkzeug - INFO -  * Debugger PIN: 131-379-055
2024-12-17 14:13:36,314 - werkzeug - INFO - 127.0.0.1 - - [17/Dec/2024 14:13:36] "GET / HTTP/1.1" 200 -
2024-12-17 14:13:36,439 - werkzeug - INFO - 127.0.0.1 - - [17/Dec/2024 14:13:36] "GET /static/scripts.js HTTP/1.1" 200 -
2024-12-17 14:13:36,440 - werkzeug - INFO - 127.0.0.1 - - [17/Dec/2024 14:13:36] "GET /static/styles.css HTTP/1.1" 200 -
2024-12-17 14:13:42,511 - __main__ - INFO - File saved successfully: uploads\20241217_141342_encoded_image_10.png
2024-12-17 14:13:42,573 - steganography.lsb - INFO - Message extracted successfully from image
2024-12-17 14:13:42,574 - steganography.utils - INFO - LSB decoding completed
2024-12-17 14:13:42,575 - steganography.spread_spectrum - INFO - Message de-spread successfully
2024-12-17 14:13:42,576 - steganography.utils - INFO - Spread spectrum decoding completed
2024-12-17 14:13:42,576 - steganography.huffman - INFO - Message decoded successfully
2024-12-17 14:13:42,576 - steganography.utils - INFO - Huffman decoding completed
2024-12-17 14:13:42,576 - __main__ - INFO - Message decoded successfully
2024-12-17 14:13:42,578 - __main__ - INFO - Old files cleaned successfully
2024-12-17 14:13:42,580 - werkzeug - INFO - 127.0.0.1 - - [17/Dec/2024 14:13:42] "POST /decode HTTP/1.1" 200 -
